2022/02/28 17:21:28.853 <Start>
2022/02/28 17:21:29.944 INFO d0020002 リセット マルチ個人アカウント1 0 ポイントを設定しました。
2022/02/28 17:21:31.004 INFO d0020002 リセット マルチ個人アカウント2 10 ポイントを設定しました。
2022/02/28 17:21:31.005 INFO d0020002 リセット config.xml -> Pointタグの マルチ個人アカウント3 部分に値が入力されていないため、処理をスキップします。
2022/02/28 17:21:32.046 INFO d0020003 リセット マルチ個人アカウント1 0 ポイントを設定しました。
2022/02/28 17:21:33.116 INFO d0020003 リセット マルチ個人アカウント2 10 ポイントを設定しました。
2022/02/28 17:21:33.117 INFO d0020003 リセット config.xml -> Pointタグの マルチ個人アカウント3 部分に値が入力されていないため、処理をスキップします。
2022/02/28 17:21:34.249 INFO d0020004 リセット マルチ個人アカウント1 0 ポイントを設定しました。
2022/02/28 17:21:35.276 INFO d0020004 リセット マルチ個人アカウント2 10 ポイントを設定しました。
2022/02/28 17:21:35.277 INFO d0020004 リセット config.xml -> Pointタグの マルチ個人アカウント3 部分に値が入力されていないため、処理をスキップします。
2022/02/28 17:21:36.298 INFO d0020005 リセット マルチ個人アカウント1 0 ポイントを設定しました。
2022/02/28 17:21:37.348 INFO d0020005 リセット マルチ個人アカウント2 10 ポイントを設定しました。
2022/02/28 17:21:37.349 INFO d0020005 リセット config.xml -> Pointタグの マルチ個人アカウント3 部分に値が入力されていないため、処理をスキップします。
2022/02/28 17:21:38.384 INFO d0030001 リセット マルチ個人アカウント1 0 ポイントを設定しました。
2022/02/28 17:21:39.432 INFO d0030001 リセット マルチ個人アカウント2 10 ポイントを設定しました。
2022/02/28 17:21:39.433 INFO d0030001 リセット config.xml -> Pointタグの マルチ個人アカウント3 部分に値が入力されていないため、処理をスキップします。
2022/02/28 17:21:40.458 INFO d0030002 リセット マルチ個人アカウント1 0 ポイントを設定しました。
2022/02/28 17:21:41.502 INFO d0030002 リセット マルチ個人アカウント2 10 ポイントを設定しました。
2022/02/28 17:21:41.503 INFO d0030002 リセット config.xml -> Pointタグの マルチ個人アカウント3 部分に値が入力されていないため、処理をスキップします。
2022/02/28 17:21:42.543 INFO d0030003 リセット マルチ個人アカウント1 0 ポイントを設定しました。
2022/02/28 17:21:43.591 INFO d0030003 リセット マルチ個人アカウント2 10 ポイントを設定しました。
2022/02/28 17:21:43.592 INFO d0030003 リセット config.xml -> Pointタグの マルチ個人アカウント3 部分に値が入力されていないため、処理をスキップします。
2022/02/28 17:21:44.625 INFO d0030004 リセット マルチ個人アカウント1 0 ポイントを設定しました。
2022/02/28 17:21:45.705 INFO d0030004 リセット マルチ個人アカウント2 10 ポイントを設定しました。
2022/02/28 17:21:45.706 INFO d0030004 リセット config.xml -> Pointタグの マルチ個人アカウント3 部分に値が入力されていないため、処理をスキップします。
2022/02/28 17:21:46.741 INFO d0030005 リセット マルチ個人アカウント1 0 ポイントを設定しました。
2022/02/28 17:21:47.824 INFO d0030005 リセット マルチ個人アカウント2 10 ポイントを設定しました。
2022/02/28 17:21:47.825 INFO d0030005 リセット config.xml -> Pointタグの マルチ個人アカウント3 部分に値が入力されていないため、処理をスキップします。
2022/02/28 17:21:48.896 INFO d0040001 リセット マルチ個人アカウント1 0 ポイントを設定しました。
2022/02/28 17:21:49.963 INFO d0040001 リセット マルチ個人アカウント2 10 ポイントを設定しました。
2022/02/28 17:21:49.964 INFO d0040001 リセット config.xml -> Pointタグの マルチ個人アカウント3 部分に値が入力されていないため、処理をスキップします。
2022/02/28 17:21:51.001 INFO d0040002 リセット マルチ個人アカウント1 0 ポイントを設定しました。
2022/02/28 17:21:52.047 INFO d0040002 リセット マルチ個人アカウント2 10 ポイントを設定しました。
2022/02/28 17:21:52.048 INFO d0040002 リセット config.xml -> Pointタグの マルチ個人アカウント3 部分に値が入力されていないため、処理をスキップします。
2022/02/28 17:21:53.082 INFO d0040003 リセット マルチ個人アカウント1 0 ポイントを設定しました。
2022/02/28 17:21:54.137 INFO d0040003 リセット マルチ個人アカウント2 10 ポイントを設定しました。
2022/02/28 17:21:54.138 INFO d0040003 リセット config.xml -> Pointタグの マルチ個人アカウント3 部分に値が入力されていないため、処理をスキップします。
2022/02/28 17:21:55.183 INFO d0040004 リセット マルチ個人アカウント1 0 ポイントを設定しました。
2022/02/28 17:21:56.234 INFO d0040004 リセット マルチ個人アカウント2 10 ポイントを設定しました。
2022/02/28 17:21:56.235 INFO d0040004 リセット config.xml -> Pointタグの マルチ個人アカウント3 部分に値が入力されていないため、処理をスキップします。
2022/02/28 17:21:57.265 INFO d0040005 リセット マルチ個人アカウント1 0 ポイントを設定しました。
2022/02/28 17:21:58.316 INFO d0040005 リセット マルチ個人アカウント2 10 ポイントを設定しました。
2022/02/28 17:21:58.317 INFO d0040005 リセット config.xml -> Pointタグの マルチ個人アカウント3 部分に値が入力されていないため、処理をスキップします。
2022/02/28 17:21:59.345 INFO d0050001 リセット マルチ個人アカウント1 0 ポイントを設定しました。
2022/02/28 17:22:00.388 INFO d0050001 リセット マルチ個人アカウント2 10 ポイントを設定しました。
2022/02/28 17:22:00.389 INFO d0050001 リセット config.xml -> Pointタグの マルチ個人アカウント3 部分に値が入力されていないため、処理をスキップします。
2022/02/28 17:22:01.426 INFO d0050002 リセット マルチ個人アカウント1 0 ポイントを設定しました。
2022/02/28 17:22:02.481 INFO d0050002 リセット マルチ個人アカウント2 10 ポイントを設定しました。
2022/02/28 17:22:02.482 INFO d0050002 リセット config.xml -> Pointタグの マルチ個人アカウント3 部分に値が入力されていないため、処理をスキップします。
2022/02/28 17:22:03.523 INFO d0050003 リセット マルチ個人アカウント1 0 ポイントを設定しました。
2022/02/28 17:22:04.554 INFO d0050003 リセット マルチ個人アカウント2 10 ポイントを設定しました。
2022/02/28 17:22:04.555 INFO d0050003 リセット config.xml -> Pointタグの マルチ個人アカウント3 部分に値が入力されていないため、処理をスキップします。
2022/02/28 17:22:05.586 INFO d0050004 リセット マルチ個人アカウント1 0 ポイントを設定しました。
2022/02/28 17:22:06.631 INFO d0050004 リセット マルチ個人アカウント2 10 ポイントを設定しました。
2022/02/28 17:22:06.632 INFO d0050004 リセット config.xml -> Pointタグの マルチ個人アカウント3 部分に値が入力されていないため、処理をスキップします。
2022/02/28 17:22:07.666 INFO d0050005 リセット マルチ個人アカウント1 0 ポイントを設定しました。
2022/02/28 17:22:08.703 INFO d0050005 リセット マルチ個人アカウント2 10 ポイントを設定しました。
2022/02/28 17:22:08.703 INFO d0050005 リセット config.xml -> Pointタグの マルチ個人アカウント3 部分に値が入力されていないため、処理をスキップします。
2022/02/28 17:22:09.826 INFO d0060001 リセット マルチ個人アカウント1 0 ポイントを設定しました。
2022/02/28 17:22:10.906 INFO d0060001 リセット マルチ個人アカウント2 10 ポイントを設定しました。
2022/02/28 17:22:10.907 INFO d0060001 リセット config.xml -> Pointタグの マルチ個人アカウント3 部分に値が入力されていないため、処理をスキップします。
2022/02/28 17:22:11.949 INFO d0060004 非常勤講師 マルチ個人アカウント1 20 ポイントを設定しました。
2022/02/28 17:22:11.950 INFO d0060004 非常勤講師 config.xml -> Pointタグの マルチ個人アカウント2 部分に値が入力されていないため、処理をスキップします。
2022/02/28 17:22:12.999 INFO d0060004 非常勤講師 マルチ個人アカウント3 50 ポイントを設定しました。
2022/02/28 17:22:14.047 INFO d0060005 非常勤講師 マルチ個人アカウント1 20 ポイントを設定しました。
2022/02/28 17:22:14.049 INFO d0060005 非常勤講師 config.xml -> Pointタグの マルチ個人アカウント2 部分に値が入力されていないため、処理をスキップします。
2022/02/28 17:22:15.163 INFO d0060005 非常勤講師 マルチ個人アカウント3 50 ポイントを設定しました。
2022/02/28 17:22:16.229 INFO d0070001 非常勤講師 マルチ個人アカウント1 20 ポイントを設定しました。
2022/02/28 17:22:16.230 INFO d0070001 非常勤講師 config.xml -> Pointタグの マルチ個人アカウント2 部分に値が入力されていないため、処理をスキップします。
2022/02/28 17:22:17.320 INFO d0070001 非常勤講師 マルチ個人アカウント3 50 ポイントを設定しました。
2022/02/28 17:22:18.366 INFO d0070002 非常勤講師 マルチ個人アカウント1 20 ポイントを設定しました。
2022/02/28 17:22:18.367 INFO d0070002 非常勤講師 config.xml -> Pointタグの マルチ個人アカウント2 部分に値が入力されていないため、処理をスキップします。
2022/02/28 17:22:19.423 INFO d0070002 非常勤講師 マルチ個人アカウント3 50 ポイントを設定しました。
2022/02/28 17:22:20.458 INFO d0070003 非常勤講師 マルチ個人アカウント1 20 ポイントを設定しました。
2022/02/28 17:22:20.460 INFO d0070003 非常勤講師 config.xml -> Pointタグの マルチ個人アカウント2 部分に値が入力されていないため、処理をスキップします。
2022/02/28 17:22:21.488 INFO d0070003 非常勤講師 マルチ個人アカウント3 50 ポイントを設定しました。
2022/02/28 17:22:22.528 INFO d0070004 非常勤講師 マルチ個人アカウント1 20 ポイントを設定しました。
2022/02/28 17:22:22.529 INFO d0070004 非常勤講師 config.xml -> Pointタグの マルチ個人アカウント2 部分に値が入力されていないため、処理をスキップします。
2022/02/28 17:22:23.587 INFO d0070004 非常勤講師 マルチ個人アカウント3 50 ポイントを設定しました。
2022/02/28 17:22:24.626 INFO d0070005 非常勤講師 マルチ個人アカウント1 20 ポイントを設定しました。
2022/02/28 17:22:24.627 INFO d0070005 非常勤講師 config.xml -> Pointタグの マルチ個人アカウント2 部分に値が入力されていないため、処理をスキップします。
2022/02/28 17:22:25.653 INFO d0070005 非常勤講師 マルチ個人アカウント3 50 ポイントを設定しました。
2022/02/28 17:22:26.681 INFO gakusei01 非常勤講師 マルチ個人アカウント1 20 ポイントを設定しました。
2022/02/28 17:22:26.683 INFO gakusei01 非常勤講師 config.xml -> Pointタグの マルチ個人アカウント2 部分に値が入力されていないため、処理をスキップします。
2022/02/28 17:22:27.735 INFO gakusei01 非常勤講師 マルチ個人アカウント3 50 ポイントを設定しました。
2022/02/28 17:22:28.771 INFO innoshima 非常勤講師 マルチ個人アカウント1 20 ポイントを設定しました。
2022/02/28 17:22:28.772 INFO innoshima 非常勤講師 config.xml -> Pointタグの マルチ個人アカウント2 部分に値が入力されていないため、処理をスキップします。
2022/02/28 17:22:29.830 INFO innoshima 非常勤講師 マルチ個人アカウント3 50 ポイントを設定しました。
2022/02/28 17:22:30.862 INFO kitajima 非常勤講師 マルチ個人アカウント1 20 ポイントを設定しました。
2022/02/28 17:22:30.863 INFO kitajima 非常勤講師 config.xml -> Pointタグの マルチ個人アカウント2 部分に値が入力されていないため、処理をスキップします。
2022/02/28 17:22:31.916 INFO kitajima 非常勤講師 マルチ個人アカウント3 50 ポイントを設定しました。
2022/02/28 17:22:32.952 INFO mac01cosy 非常勤講師 マルチ個人アカウント1 20 ポイントを設定しました。
2022/02/28 17:22:32.953 INFO mac01cosy 非常勤講師 config.xml -> Pointタグの マルチ個人アカウント2 部分に値が入力されていないため、処理をスキップします。
2022/02/28 17:22:34.015 INFO mac01cosy 非常勤講師 マルチ個人アカウント3 50 ポイントを設定しました。
2022/02/28 17:22:35.050 INFO mac02cosy 非常勤講師 マルチ個人アカウント1 20 ポイントを設定しました。
2022/02/28 17:22:35.051 INFO mac02cosy 非常勤講師 config.xml -> Pointタグの マルチ個人アカウント2 部分に値が入力されていないため、処理をスキップします。
2022/02/28 17:22:36.086 INFO mac02cosy 非常勤講師 マルチ個人アカウント3 50 ポイントを設定しました。
2022/02/28 17:22:37.109 INFO mac03cosy 非常勤講師 マルチ個人アカウント1 20 ポイントを設定しました。
2022/02/28 17:22:37.110 INFO mac03cosy 非常勤講師 config.xml -> Pointタグの マルチ個人アカウント2 部分に値が入力されていないため、処理をスキップします。
2022/02/28 17:22:38.172 INFO mac03cosy 非常勤講師 マルチ個人アカウント3 50 ポイントを設定しました。
2022/02/28 17:22:39.211 INFO mac04cosy 非常勤講師 マルチ個人アカウント1 20 ポイントを設定しました。
2022/02/28 17:22:39.212 INFO mac04cosy 非常勤講師 config.xml -> Pointタグの マルチ個人アカウント2 部分に値が入力されていないため、処理をスキップします。
2022/02/28 17:22:40.256 INFO mac04cosy 非常勤講師 マルチ個人アカウント3 50 ポイントを設定しました。
2022/02/28 17:22:41.301 INFO mac05cosy 非常勤講師 マルチ個人アカウント1 20 ポイントを設定しました。
2022/02/28 17:22:41.302 INFO mac05cosy 非常勤講師 config.xml -> Pointタグの マルチ個人アカウント2 部分に値が入力されていないため、処理をスキップします。
2022/02/28 17:22:42.365 INFO mac05cosy 非常勤講師 マルチ個人アカウント3 50 ポイントを設定しました。
2022/02/28 17:22:42.367 INFO professor01 客員教員 config.xml -> Pointタグの マルチ個人アカウント1 部分に値が入力されていないため、処理をスキップします。
2022/02/28 17:22:43.466 INFO professor01 客員教員 マルチ個人アカウント2 20 ポイントを設定しました。
2022/02/28 17:22:44.524 INFO professor01 客員教員 マルチ個人アカウント3 50 ポイントを設定しました。
2022/02/28 17:22:44.525 INFO staff-a01 客員教員 config.xml -> Pointタグの マルチ個人アカウント1 部分に値が入力されていないため、処理をスキップします。
2022/02/28 17:22:45.569 INFO staff-a01 客員教員 マルチ個人アカウント2 20 ポイントを設定しました。
2022/02/28 17:22:46.604 INFO staff-a01 客員教員 マルチ個人アカウント3 50 ポイントを設定しました。
2022/02/28 17:22:46.605 INFO staff-g01 客員教員 config.xml -> Pointタグの マルチ個人アカウント1 部分に値が入力されていないため、処理をスキップします。
2022/02/28 17:22:47.634 INFO staff-g01 客員教員 マルチ個人アカウント2 20 ポイントを設定しました。
2022/02/28 17:22:48.662 INFO staff-g01 客員教員 マルチ個人アカウント3 50 ポイントを設定しました。
2022/02/28 17:22:48.663 INFO staff-j01 客員教員 config.xml -> Pointタグの マルチ個人アカウント1 部分に値が入力されていないため、処理をスキップします。
2022/02/28 17:22:49.702 INFO staff-j01 客員教員 マルチ個人アカウント2 20 ポイントを設定しました。
2022/02/28 17:22:50.746 INFO staff-j01 客員教員 マルチ個人アカウント3 50 ポイントを設定しました。
2022/02/28 17:22:50.748 INFO staff-j02 客員教員 config.xml -> Pointタグの マルチ個人アカウント1 部分に値が入力されていないため、処理をスキップします。
2022/02/28 17:22:51.794 INFO staff-j02 客員教員 マルチ個人アカウント2 20 ポイントを設定しました。
2022/02/28 17:22:52.847 INFO staff-j02 客員教員 マルチ個人アカウント3 50 ポイントを設定しました。
2022/02/28 17:22:52.848 INFO staff-k01 客員教員 config.xml -> Pointタグの マルチ個人アカウント1 部分に値が入力されていないため、処理をスキップします。
2022/02/28 17:22:53.889 INFO staff-k01 客員教員 マルチ個人アカウント2 20 ポイントを設定しました。
2022/02/28 17:22:54.952 INFO staff-k01 客員教員 マルチ個人アカウント3 50 ポイントを設定しました。
2022/02/28 17:22:54.953 INFO staff-n01 客員教員 config.xml -> Pointタグの マルチ個人アカウント1 部分に値が入力されていないため、処理をスキップします。
2022/02/28 17:22:56.012 INFO staff-n01 客員教員 マルチ個人アカウント2 20 ポイントを設定しました。
2022/02/28 17:22:57.068 INFO staff-n01 客員教員 マルチ個人アカウント3 50 ポイントを設定しました。
2022/02/28 17:22:57.069 INFO staff-s01 客員教員 config.xml -> Pointタグの マルチ個人アカウント1 部分に値が入力されていないため、処理をスキップします。
2022/02/28 17:22:58.130 INFO staff-s01 客員教員 マルチ個人アカウント2 20 ポイントを設定しました。
2022/02/28 17:22:59.185 INFO staff-s01 客員教員 マルチ個人アカウント3 50 ポイントを設定しました。
2022/02/28 17:23:00.241 INFO tamon01 研究員 マルチ個人アカウント1 0 ポイントを設定しました。
2022/02/28 17:23:01.295 INFO tamon01 研究員 マルチ個人アカウント2 10 ポイントを設定しました。
2022/02/28 17:23:02.324 INFO tamon01 研究員 マルチ個人アカウント3 20 ポイントを設定しました。
2022/02/28 17:23:03.358 INFO tamon02 研究員 マルチ個人アカウント1 0 ポイントを設定しました。
2022/02/28 17:23:04.396 INFO tamon02 研究員 マルチ個人アカウント2 10 ポイントを設定しました。
2022/02/28 17:23:05.441 INFO tamon02 研究員 マルチ個人アカウント3 20 ポイントを設定しました。
2022/02/28 17:23:06.477 INFO tamon03 研究員 マルチ個人アカウント1 0 ポイントを設定しました。
2022/02/28 17:23:07.543 INFO tamon03 研究員 マルチ個人アカウント2 10 ポイントを設定しました。
2022/02/28 17:23:08.577 INFO tamon03 研究員 マルチ個人アカウント3 20 ポイントを設定しました。
2022/02/28 17:23:09.619 INFO tamon04 研究員 マルチ個人アカウント1 0 ポイントを設定しました。
2022/02/28 17:23:10.646 INFO tamon04 研究員 マルチ個人アカウント2 10 ポイントを設定しました。
2022/02/28 17:23:11.687 INFO tamon04 研究員 マルチ個人アカウント3 20 ポイントを設定しました。
2022/02/28 17:23:12.712 INFO tamon05 研究員 マルチ個人アカウント1 0 ポイントを設定しました。
2022/02/28 17:23:13.753 INFO tamon05 研究員 マルチ個人アカウント2 10 ポイントを設定しました。
2022/02/28 17:23:14.791 INFO tamon05 研究員 マルチ個人アカウント3 20 ポイントを設定しました。
2022/02/28 17:23:15.833 INFO tamon06 研究員 マルチ個人アカウント1 0 ポイントを設定しました。
2022/02/28 17:23:16.859 INFO tamon06 研究員 マルチ個人アカウント2 10 ポイントを設定しました。
2022/02/28 17:23:17.902 INFO tamon06 研究員 マルチ個人アカウント3 20 ポイントを設定しました。
2022/02/28 17:23:18.932 INFO tamon07 研究員 マルチ個人アカウント1 0 ポイントを設定しました。
2022/02/28 17:23:19.969 INFO tamon07 研究員 マルチ個人アカウント2 10 ポイントを設定しました。
2022/02/28 17:23:20.994 INFO tamon07 研究員 マルチ個人アカウント3 20 ポイントを設定しました。
2022/02/28 17:23:22.039 INFO tamon08 研究員 マルチ個人アカウント1 0 ポイントを設定しました。
2022/02/28 17:23:23.081 INFO tamon08 研究員 マルチ個人アカウント2 10 ポイントを設定しました。
2022/02/28 17:23:24.114 INFO tamon08 研究員 マルチ個人アカウント3 20 ポイントを設定しました。
2022/02/28 17:23:25.146 INFO tamon09 研究員 マルチ個人アカウント1 0 ポイントを設定しました。
2022/02/28 17:23:26.188 INFO tamon09 研究員 マルチ個人アカウント2 10 ポイントを設定しました。
2022/02/28 17:23:27.216 INFO tamon09 研究員 マルチ個人アカウント3 20 ポイントを設定しました。
2022/02/28 17:23:28.260 INFO tamon10 研究員 マルチ個人アカウント1 0 ポイントを設定しました。
2022/02/28 17:23:29.312 INFO tamon10 研究員 マルチ個人アカウント2 10 ポイントを設定しました。
2022/02/28 17:23:30.372 INFO tamon10 研究員 マルチ個人アカウント3 20 ポイントを設定しました。
2022/02/28 17:23:31.413 INFO tamon11 研究員 マルチ個人アカウント1 0 ポイントを設定しました。
2022/02/28 17:23:32.440 INFO tamon11 研究員 マルチ個人アカウント2 10 ポイントを設定しました。
2022/02/28 17:23:33.473 INFO tamon11 研究員 マルチ個人アカウント3 20 ポイントを設定しました。
2022/02/28 17:23:34.516 INFO tamon12 研究員 マルチ個人アカウント1 0 ポイントを設定しました。
2022/02/28 17:23:35.540 INFO tamon12 研究員 マルチ個人アカウント2 10 ポイントを設定しました。
2022/02/28 17:23:36.608 INFO tamon12 研究員 マルチ個人アカウント3 20 ポイントを設定しました。
2022/02/28 17:23:37.640 INFO tamon123 研究員 マルチ個人アカウント1 0 ポイントを設定しました。
2022/02/28 17:23:38.686 INFO tamon123 研究員 マルチ個人アカウント2 10 ポイントを設定しました。
2022/02/28 17:23:39.719 INFO tamon123 研究員 マルチ個人アカウント3 20 ポイントを設定しました。
2022/02/28 17:23:40.774 INFO tamon13 研究員 マルチ個人アカウント1 0 ポイントを設定しました。
2022/02/28 17:23:41.803 INFO tamon13 研究員 マルチ個人アカウント2 10 ポイントを設定しました。
2022/02/28 17:23:42.844 INFO tamon13 研究員 マルチ個人アカウント3 20 ポイントを設定しました。
2022/02/28 17:23:43.876 INFO tamon14 研究員 マルチ個人アカウント1 0 ポイントを設定しました。
2022/02/28 17:23:44.907 INFO tamon14 研究員 マルチ個人アカウント2 10 ポイントを設定しました。
2022/02/28 17:23:45.944 INFO tamon14 研究員 マルチ個人アカウント3 20 ポイントを設定しました。
2022/02/28 17:23:47.011 INFO tamon15 研究員 マルチ個人アカウント1 0 ポイントを設定しました。
2022/02/28 17:23:48.033 INFO tamon15 研究員 マルチ個人アカウント2 10 ポイントを設定しました。
2022/02/28 17:23:49.087 INFO tamon15 研究員 マルチ個人アカウント3 20 ポイントを設定しました。
2022/02/28 17:23:50.109 INFO tamon16 研究員 マルチ個人アカウント1 0 ポイントを設定しました。
2022/02/28 17:23:51.135 INFO tamon16 研究員 マルチ個人アカウント2 10 ポイントを設定しました。
2022/02/28 17:23:52.175 INFO tamon16 研究員 マルチ個人アカウント3 20 ポイントを設定しました。
2022/02/28 17:23:53.221 INFO tamon17 研究員 マルチ個人アカウント1 0 ポイントを設定しました。
2022/02/28 17:23:54.259 INFO tamon17 研究員 マルチ個人アカウント2 10 ポイントを設定しました。
2022/02/28 17:23:55.327 INFO tamon17 研究員 マルチ個人アカウント3 20 ポイントを設定しました。
2022/02/28 17:23:56.396 INFO tamon18 研究員 マルチ個人アカウント1 0 ポイントを設定しました。
2022/02/28 17:23:57.434 INFO tamon18 研究員 マルチ個人アカウント2 10 ポイントを設定しました。
2022/02/28 17:23:58.471 INFO tamon18 研究員 マルチ個人アカウント3 20 ポイントを設定しました。
2022/02/28 17:23:59.577 INFO tamon19 研究員 マルチ個人アカウント1 0 ポイントを設定しました。
2022/02/28 17:24:00.643 INFO tamon19 研究員 マルチ個人アカウント2 10 ポイントを設定しました。
2022/02/28 17:24:01.703 INFO tamon19 研究員 マルチ個人アカウント3 20 ポイントを設定しました。
2022/02/28 17:24:02.739 INFO tamon20 研究員 マルチ個人アカウント1 0 ポイントを設定しました。
2022/02/28 17:24:03.790 INFO tamon20 研究員 マルチ個人アカウント2 10 ポイントを設定しました。
2022/02/28 17:24:04.824 INFO tamon20 研究員 マルチ個人アカウント3 20 ポイントを設定しました。
2022/02/28 17:24:04.825 <End>
